<?xml version="1.0" encoding="UTF-8"?>
<testng-results skipped="0" failed="0" total="1" passed="1">
  <reporter-output>
  </reporter-output>
  <suite name="Suite" duration-ms="18558" started-at="2020-07-13T09:42:28Z" finished-at="2020-07-13T09:42:46Z">
    <groups>
    </groups>
    <test name="Test" duration-ms="18558" started-at="2020-07-13T09:42:28Z" finished-at="2020-07-13T09:42:46Z">
      <class name="cchch.gfh">
        <test-method status="PASS" signature="rithvik()[pri:0, instance:cchch.gfh@6e3c1e69]" name="rithvik" duration-ms="18538" started-at="2020-07-13T19:42:28Z" finished-at="2020-07-13T19:42:46Z">
          <reporter-output>
          </reporter-output>
        </test-method> <!-- rithvik -->
      </class> <!-- cchch.gfh -->
    </test> <!-- Test -->
  </suite> <!-- Suite -->
</testng-results>
