<?xml version="1.0" encoding="UTF-8"?>
<testng-results skipped="0" failed="1" total="1" passed="0">
  <reporter-output>
  </reporter-output>
  <suite name="Default suite" duration-ms="49782" started-at="2020-07-10T19:56:48Z" finished-at="2020-07-10T19:57:37Z">
    <groups>
    </groups>
    <test name="Default test" duration-ms="49782" started-at="2020-07-10T19:56:48Z" finished-at="2020-07-10T19:57:37Z">
      <class name="fr.ghdg">
        <test-method status="FAIL" signature="loginApplication()[pri:0, instance:fr.ghdg@3f0ee7cb]" name="loginApplication" duration-ms="49755" started-at="2020-07-11T05:56:48Z" finished-at="2020-07-11T05:57:37Z">
          <exception class="org.openqa.selenium.WebDriverException">
            <message>
              <![CDATA[Failed to connect to binary FirefoxBinary(C:\Program Files\Mozilla Firefox\firefox.exe) on port 7055; process output follows: 
rsion":"1.1"},"bing@search.mozilla.org":{"dependencies":[],"enabled":true,"loader":null,"path":null,"rootURI":"resource://search-extensions/bing/","runInSafeMode":true,"telemetryKey":"bing%40search.mozilla.org:1.0","version":"1.0"},"ddg@search.mozilla.org":{"dependencies":[],"enabled":true,"loader":null,"path":null,"rootURI":"resource://search-extensions/ddg/","runInSafeMode":true,"telemetryKey":"ddg%40search.mozilla.org:1.0","version":"1.0"},"ebay@search.mozilla.org":{"dependencies":[],"enabled":true,"loader":null,"path":null,"rootURI":"resource://search-extensions/ebay/","runInSafeMode":true,"telemetryKey":"ebay%40search.mozilla.org:1.0","version":"1.0"},"twitter@search.mozilla.org":{"dependencies":[],"enabled":true,"loader":null,"path":null,"rootURI":"resource://search-extensions/twitter/","runInSafeMode":true,"telemetryKey":"twitter%40search.mozilla.org:1.0","version":"1.0"},"wikipedia@search.mozilla.org":{"dependencies":[],"enabled":true,"loader":null,"path":null,"rootURI":"resource://search-extensions/wikipedia/","runInSafeMode":true,"telemetryKey":"wikipedia%40search.mozilla.org:1.0","version":"1.0"}},"staged":{}}: null
1594411013928	addons.xpi	DEBUG	Updating XPIState for {"id":"amazon@search.mozilla.org","syncGUID":"{fe16ca1b-d5cd-4de8-ba30-f71d8b1351df}","version":"1.1","type":"extension","loader":null,"updateURL":null,"optionsURL":null,"optionsType":null,"optionsBrowserStyle":true,"aboutURL":null,"defaultLocale":{"name":"Amazon.com.au","description":"Amazon.com.au Search","creator":null,"developers":null,"translators":null,"contributors":null},"visible":true,"active":true,"userDisabled":false,"appDisabled":false,"installDate":1594411013927,"applyBackgroundUpdates":1,"path":null,"skinnable":false,"sourceURI":null,"releaseNotesURI":null,"softDisabled":false,"foreignInstall":false,"strictCompatibility":true,"locales":[{"name":"Amazon.com.au","description":"Amazon.com.au Search","creator":null,"developers":null,"translators":null,"contributors":null,"locales":["au"]},{"name":"Amazon.ca","description":"Amazon.ca Search","creator":null,"developers":null,"translators":null,"contributors":null,"locales":["ca"]},{"name":"Amazon.fr","description":"Recherche Amazon.fr","creator":null,"developers":null,"translators":null,"contributors":null,"locales":["france"]},{"name":"Amazon.nl","description":"Amazon.nl Search","creator":null,"developers":null,"translators":null,"contributors":null,"locales":["nl"]},{"name":"Amazon.co.uk","description":"Amazon.co.uk Search","creator":null,"developers":null,"translators":null,"contributors":null,"locales":["en-GB"]},{"name":"Amazon.co.jp","description":"Amazon.co.jp Search","creator":null,"developers":null,"translators":null,"contributors":null,"locales":["jp"]},{"name":"Amazon.com.mx","description":"Amazon.com.mx Search","creator":null,"developers":null,"translators":null,"contributors":null,"locales":["mx"]},{"name":"Amazon.it","description":"Ricerca Amazon.it","creator":null,"developers":null,"translators":null,"contributors":null,"locales":["it"]},{"name":"Amazon.de","description":"Amazon.de Suche","creator":null,"developers":null,"translators":null,"contributors":null,"locales":["de"]},{"name":"Amazon.in","description":"Amazon.in Search","creator":null,"developers":null,"translators":null,"contributors":null,"locales":["in"]}],"targetApplications":[{"id":"toolkit@mozilla.org","minVersion":null,"maxVersion":null}],"targetPlatforms":[],"seen":true,"dependencies":[],"incognito":"spanning","userPermissions":{"permissions":[],"origins":[]},"icons":{"16":"favicon.ico"},"iconURL":null,"blocklistState":0,"blocklistURL":null,"startupData":null,"hidden":true,"installTelemetryInfo":null,"recommendationState":null,"rootURI":"resource://search-extensions/amazon/","location":"app-builtin"}
1594411013928	addons.xpi	DEBUG	Loading bootstrap scope from resource://search-extensions/amazon/
1594411013928	addons.xpi	DEBUG	Calling bootstrap method install on amazon@search.mozilla.org version 1.1
1594411013929	addons.xpi	DEBUG	Calling bootstrap method startup on amazon@search.mozilla.org version 1.1

Build info: version: '2.53.0', revision: '35ae25b', time: '2016-03-15 16:57:40'
System info: host: 'DESKTOP-K0O982J', ip: '192.168.0.12', os.name: 'Windows 10', os.arch: 'amd64', os.version: '10.0', java.version: '1.8.0_241'
Driver info: driver.version: FirefoxDriver]]>
            </message>
            <full-stacktrace>
              <![CDATA[org.openqa.selenium.WebDriverException: Failed to connect to binary FirefoxBinary(C:\Program Files\Mozilla Firefox\firefox.exe) on port 7055; process output follows: 
rsion":"1.1"},"bing@search.mozilla.org":{"dependencies":[],"enabled":true,"loader":null,"path":null,"rootURI":"resource://search-extensions/bing/","runInSafeMode":true,"telemetryKey":"bing%40search.mozilla.org:1.0","version":"1.0"},"ddg@search.mozilla.org":{"dependencies":[],"enabled":true,"loader":null,"path":null,"rootURI":"resource://search-extensions/ddg/","runInSafeMode":true,"telemetryKey":"ddg%40search.mozilla.org:1.0","version":"1.0"},"ebay@search.mozilla.org":{"dependencies":[],"enabled":true,"loader":null,"path":null,"rootURI":"resource://search-extensions/ebay/","runInSafeMode":true,"telemetryKey":"ebay%40search.mozilla.org:1.0","version":"1.0"},"twitter@search.mozilla.org":{"dependencies":[],"enabled":true,"loader":null,"path":null,"rootURI":"resource://search-extensions/twitter/","runInSafeMode":true,"telemetryKey":"twitter%40search.mozilla.org:1.0","version":"1.0"},"wikipedia@search.mozilla.org":{"dependencies":[],"enabled":true,"loader":null,"path":null,"rootURI":"resource://search-extensions/wikipedia/","runInSafeMode":true,"telemetryKey":"wikipedia%40search.mozilla.org:1.0","version":"1.0"}},"staged":{}}: null
1594411013928	addons.xpi	DEBUG	Updating XPIState for {"id":"amazon@search.mozilla.org","syncGUID":"{fe16ca1b-d5cd-4de8-ba30-f71d8b1351df}","version":"1.1","type":"extension","loader":null,"updateURL":null,"optionsURL":null,"optionsType":null,"optionsBrowserStyle":true,"aboutURL":null,"defaultLocale":{"name":"Amazon.com.au","description":"Amazon.com.au Search","creator":null,"developers":null,"translators":null,"contributors":null},"visible":true,"active":true,"userDisabled":false,"appDisabled":false,"installDate":1594411013927,"applyBackgroundUpdates":1,"path":null,"skinnable":false,"sourceURI":null,"releaseNotesURI":null,"softDisabled":false,"foreignInstall":false,"strictCompatibility":true,"locales":[{"name":"Amazon.com.au","description":"Amazon.com.au Search","creator":null,"developers":null,"translators":null,"contributors":null,"locales":["au"]},{"name":"Amazon.ca","description":"Amazon.ca Search","creator":null,"developers":null,"translators":null,"contributors":null,"locales":["ca"]},{"name":"Amazon.fr","description":"Recherche Amazon.fr","creator":null,"developers":null,"translators":null,"contributors":null,"locales":["france"]},{"name":"Amazon.nl","description":"Amazon.nl Search","creator":null,"developers":null,"translators":null,"contributors":null,"locales":["nl"]},{"name":"Amazon.co.uk","description":"Amazon.co.uk Search","creator":null,"developers":null,"translators":null,"contributors":null,"locales":["en-GB"]},{"name":"Amazon.co.jp","description":"Amazon.co.jp Search","creator":null,"developers":null,"translators":null,"contributors":null,"locales":["jp"]},{"name":"Amazon.com.mx","description":"Amazon.com.mx Search","creator":null,"developers":null,"translators":null,"contributors":null,"locales":["mx"]},{"name":"Amazon.it","description":"Ricerca Amazon.it","creator":null,"developers":null,"translators":null,"contributors":null,"locales":["it"]},{"name":"Amazon.de","description":"Amazon.de Suche","creator":null,"developers":null,"translators":null,"contributors":null,"locales":["de"]},{"name":"Amazon.in","description":"Amazon.in Search","creator":null,"developers":null,"translators":null,"contributors":null,"locales":["in"]}],"targetApplications":[{"id":"toolkit@mozilla.org","minVersion":null,"maxVersion":null}],"targetPlatforms":[],"seen":true,"dependencies":[],"incognito":"spanning","userPermissions":{"permissions":[],"origins":[]},"icons":{"16":"favicon.ico"},"iconURL":null,"blocklistState":0,"blocklistURL":null,"startupData":null,"hidden":true,"installTelemetryInfo":null,"recommendationState":null,"rootURI":"resource://search-extensions/amazon/","location":"app-builtin"}
1594411013928	addons.xpi	DEBUG	Loading bootstrap scope from resource://search-extensions/amazon/
1594411013928	addons.xpi	DEBUG	Calling bootstrap method install on amazon@search.mozilla.org version 1.1
1594411013929	addons.xpi	DEBUG	Calling bootstrap method startup on amazon@search.mozilla.org version 1.1

Build info: version: '2.53.0', revision: '35ae25b', time: '2016-03-15 16:57:40'
System info: host: 'DESKTOP-K0O982J', ip: '192.168.0.12', os.name: 'Windows 10', os.arch: 'amd64', os.version: '10.0', java.version: '1.8.0_241'
Driver info: driver.version: FirefoxDriver
	at org.openqa.selenium.firefox.internal.NewProfileExtensionConnection.start(NewProfileExtensionConnection.java:124)
	at org.openqa.selenium.firefox.FirefoxDriver.startClient(FirefoxDriver.java:271)
	at org.openqa.selenium.remote.RemoteWebDriver.<init>(RemoteWebDriver.java:119)
	at org.openqa.selenium.firefox.FirefoxDriver.<init>(FirefoxDriver.java:218)
	at org.openqa.selenium.firefox.FirefoxDriver.<init>(FirefoxDriver.java:211)
	at org.openqa.selenium.firefox.FirefoxDriver.<init>(FirefoxDriver.java:207)
	at org.openqa.selenium.firefox.FirefoxDriver.<init>(FirefoxDriver.java:120)
	at fr.ghdg.loginApplication(ghdg.java:31)
	at sun.reflect.NativeMethodAccessorImpl.invoke0(Native Method)
	at sun.reflect.NativeMethodAccessorImpl.invoke(Unknown Source)
	at sun.reflect.DelegatingMethodAccessorImpl.invoke(Unknown Source)
	at java.lang.reflect.Method.invoke(Unknown Source)
	at org.testng.internal.MethodInvocationHelper.invokeMethod(MethodInvocationHelper.java:85)
	at org.testng.internal.Invoker.invokeMethod(Invoker.java:639)
	at org.testng.internal.Invoker.invokeTestMethod(Invoker.java:816)
	at org.testng.internal.Invoker.invokeTestMethods(Invoker.java:1124)
	at org.testng.internal.TestMethodWorker.invokeTestMethods(TestMethodWorker.java:125)
	at org.testng.internal.TestMethodWorker.run(TestMethodWorker.java:108)
	at org.testng.TestRunner.privateRun(TestRunner.java:774)
	at org.testng.TestRunner.run(TestRunner.java:624)
	at org.testng.SuiteRunner.runTest(SuiteRunner.java:359)
	at org.testng.SuiteRunner.runSequentially(SuiteRunner.java:354)
	at org.testng.SuiteRunner.privateRun(SuiteRunner.java:312)
	at org.testng.SuiteRunner.run(SuiteRunner.java:261)
	at org.testng.SuiteRunnerWorker.runSuite(SuiteRunnerWorker.java:52)
	at org.testng.SuiteRunnerWorker.run(SuiteRunnerWorker.java:86)
	at org.testng.TestNG.runSuitesSequentially(TestNG.java:1215)
	at org.testng.TestNG.runSuitesLocally(TestNG.java:1140)
	at org.testng.TestNG.run(TestNG.java:1048)
	at org.testng.remote.RemoteTestNG.run(RemoteTestNG.java:112)
	at org.testng.remote.RemoteTestNG.initAndRun(RemoteTestNG.java:205)
	at org.testng.remote.RemoteTestNG.main(RemoteTestNG.java:176)
Caused by: org.openqa.selenium.firefox.NotConnectedException: Unable to connect to host 127.0.0.1 on port 7055 after 45000 ms. Firefox console output:
rsion":"1.1"},"bing@search.mozilla.org":{"dependencies":[],"enabled":true,"loader":null,"path":null,"rootURI":"resource://search-extensions/bing/","runInSafeMode":true,"telemetryKey":"bing%40search.mozilla.org:1.0","version":"1.0"},"ddg@search.mozilla.org":{"dependencies":[],"enabled":true,"loader":null,"path":null,"rootURI":"resource://search-extensions/ddg/","runInSafeMode":true,"telemetryKey":"ddg%40search.mozilla.org:1.0","version":"1.0"},"ebay@search.mozilla.org":{"dependencies":[],"enabled":true,"loader":null,"path":null,"rootURI":"resource://search-extensions/ebay/","runInSafeMode":true,"telemetryKey":"ebay%40search.mozilla.org:1.0","version":"1.0"},"twitter@search.mozilla.org":{"dependencies":[],"enabled":true,"loader":null,"path":null,"rootURI":"resource://search-extensions/twitter/","runInSafeMode":true,"telemetryKey":"twitter%40search.mozilla.org:1.0","version":"1.0"},"wikipedia@search.mozilla.org":{"dependencies":[],"enabled":true,"loader":null,"path":null,"rootURI":"resource://search-extensions/wikipedia/","runInSafeMode":true,"telemetryKey":"wikipedia%40search.mozilla.org:1.0","version":"1.0"}},"staged":{}}: null
1594411013928	addons.xpi	DEBUG	Updating XPIState for {"id":"amazon@search.mozilla.org","syncGUID":"{fe16ca1b-d5cd-4de8-ba30-f71d8b1351df}","version":"1.1","type":"extension","loader":null,"updateURL":null,"optionsURL":null,"optionsType":null,"optionsBrowserStyle":true,"aboutURL":null,"defaultLocale":{"name":"Amazon.com.au","description":"Amazon.com.au Search","creator":null,"developers":null,"translators":null,"contributors":null},"visible":true,"active":true,"userDisabled":false,"appDisabled":false,"installDate":1594411013927,"applyBackgroundUpdates":1,"path":null,"skinnable":false,"sourceURI":null,"releaseNotesURI":null,"softDisabled":false,"foreignInstall":false,"strictCompatibility":true,"locales":[{"name":"Amazon.com.au","description":"Amazon.com.au Search","creator":null,"developers":null,"translators":null,"contributors":null,"locales":["au"]},{"name":"Amazon.ca","description":"Amazon.ca Search","creator":null,"developers":null,"translators":null,"contributors":null,"locales":["ca"]},{"name":"Amazon.fr","description":"Recherche Amazon.fr","creator":null,"developers":null,"translators":null,"contributors":null,"locales":["france"]},{"name":"Amazon.nl","description":"Amazon.nl Search","creator":null,"developers":null,"translators":null,"contributors":null,"locales":["nl"]},{"name":"Amazon.co.uk","description":"Amazon.co.uk Search","creator":null,"developers":null,"translators":null,"contributors":null,"locales":["en-GB"]},{"name":"Amazon.co.jp","description":"Amazon.co.jp Search","creator":null,"developers":null,"translators":null,"contributors":null,"locales":["jp"]},{"name":"Amazon.com.mx","description":"Amazon.com.mx Search","creator":null,"developers":null,"translators":null,"contributors":null,"locales":["mx"]},{"name":"Amazon.it","description":"Ricerca Amazon.it","creator":null,"developers":null,"translators":null,"contributors":null,"locales":["it"]},{"name":"Amazon.de","description":"Amazon.de Suche","creator":null,"developers":null,"translators":null,"contributors":null,"locales":["de"]},{"name":"Amazon.in","description":"Amazon.in Search","creator":null,"developers":null,"translators":null,"contributors":null,"locales":["in"]}],"targetApplications":[{"id":"toolkit@mozilla.org","minVersion":null,"maxVersion":null}],"targetPlatforms":[],"seen":true,"dependencies":[],"incognito":"spanning","userPermissions":{"permissions":[],"origins":[]},"icons":{"16":"favicon.ico"},"iconURL":null,"blocklistState":0,"blocklistURL":null,"startupData":null,"hidden":true,"installTelemetryInfo":null,"recommendationState":null,"rootURI":"resource://search-extensions/amazon/","location":"app-builtin"}
1594411013928	addons.xpi	DEBUG	Loading bootstrap scope from resource://search-extensions/amazon/
1594411013928	addons.xpi	DEBUG	Calling bootstrap method install on amazon@search.mozilla.org version 1.1
1594411013929	addons.xpi	DEBUG	Calling bootstrap method startup on amazon@search.mozilla.org version 1.1

	at org.openqa.selenium.firefox.internal.NewProfileExtensionConnection.start(NewProfileExtensionConnection.java:112)
	... 31 more
]]>
            </full-stacktrace>
          </exception> <!-- org.openqa.selenium.WebDriverException -->
          <reporter-output>
          </reporter-output>
        </test-method> <!-- loginApplication -->
      </class> <!-- fr.ghdg -->
    </test> <!-- Default test -->
  </suite> <!-- Default suite -->
</testng-results>
