<?xml version="1.0" encoding="UTF-8"?>
<!-- Generated by org.testng.reporters.JUnitXMLReporter -->
<testsuite hostname="DESKTOP-K0O982J" name="Default test" tests="1" failures="1" timestamp="10 Jul 2020 19:57:37 GMT" time="49.782" errors="0">
  <testcase name="loginApplication" time="49.755" classname="fr.ghdg">
    <failure type="org.openqa.selenium.WebDriverException" message="Failed to connect to binary FirefoxBinary(C:\Program Files\Mozilla Firefox\firefox.exe) on port 7055; process output follows: 
rsion&amp;quot;:&amp;quot;1.1&amp;quot;},&amp;quot;bing@search.mozilla.org&amp;quot;:{&amp;quot;dependencies&amp;quot;:[],&amp;quot;enabled&amp;quot;:true,&amp;quot;loader&amp;quot;:null,&amp;quot;path&amp;quot;:null,&amp;quot;rootURI&amp;quot;:&amp;quot;resource://search-extensions/bing/&amp;quot;,&amp;quot;runInSafeMode&amp;quot;:true,&amp;quot;telemetryKey&amp;quot;:&amp;quot;bing%40search.mozilla.org:1.0&amp;quot;,&amp;quot;version&amp;quot;:&amp;quot;1.0&amp;quot;},&amp;quot;ddg@search.mozilla.org&amp;quot;:{&amp;quot;dependencies&amp;quot;:[],&amp;quot;enabled&amp;quot;:true,&amp;quot;loader&amp;quot;:null,&amp;quot;path&amp;quot;:null,&amp;quot;rootURI&amp;quot;:&amp;quot;resource://search-extensions/ddg/&amp;quot;,&amp;quot;runInSafeMode&amp;quot;:true,&amp;quot;telemetryKey&amp;quot;:&amp;quot;ddg%40search.mozilla.org:1.0&amp;quot;,&amp;quot;version&amp;quot;:&amp;quot;1.0&amp;quot;},&amp;quot;ebay@search.mozilla.org&amp;quot;:{&amp;quot;dependencies&amp;quot;:[],&amp;quot;enabled&amp;quot;:true,&amp;quot;loader&amp;quot;:null,&amp;quot;path&amp;quot;:null,&amp;quot;rootURI&amp;quot;:&amp;quot;resource://search-extensions/ebay/&amp;quot;,&amp;quot;runInSafeMode&amp;quot;:true,&amp;quot;telemetryKey&amp;quot;:&amp;quot;ebay%40search.mozilla.org:1.0&amp;quot;,&amp;quot;version&amp;quot;:&amp;quot;1.0&amp;quot;},&amp;quot;twitter@search.mozilla.org&amp;quot;:{&amp;quot;dependencies&amp;quot;:[],&amp;quot;enabled&amp;quot;:true,&amp;quot;loader&amp;quot;:null,&amp;quot;path&amp;quot;:null,&amp;quot;rootURI&amp;quot;:&amp;quot;resource://search-extensions/twitter/&amp;quot;,&amp;quot;runInSafeMode&amp;quot;:true,&amp;quot;telemetryKey&amp;quot;:&amp;quot;twitter%40search.mozilla.org:1.0&amp;quot;,&amp;quot;version&amp;quot;:&amp;quot;1.0&amp;quot;},&amp;quot;wikipedia@search.mozilla.org&amp;quot;:{&amp;quot;dependencies&amp;quot;:[],&amp;quot;enabled&amp;quot;:true,&amp;quot;loader&amp;quot;:null,&amp;quot;path&amp;quot;:null,&amp;quot;rootURI&amp;quot;:&amp;quot;resource://search-extensions/wikipedia/&amp;quot;,&amp;quot;runInSafeMode&amp;quot;:true,&amp;quot;telemetryKey&amp;quot;:&amp;quot;wikipedia%40search.mozilla.org:1.0&amp;quot;,&amp;quot;version&amp;quot;:&amp;quot;1.0&amp;quot;}},&amp;quot;staged&amp;quot;:{}}: null
1594411013928	addons.xpi	DEBUG	Updating XPIState for {&amp;quot;id&amp;quot;:&amp;quot;amazon@search.mozilla.org&amp;quot;,&amp;quot;syncGUID&amp;quot;:&amp;quot;{fe16ca1b-d5cd-4de8-ba30-f71d8b1351df}&amp;quot;,&amp;quot;version&amp;quot;:&amp;quot;1.1&amp;quot;,&amp;quot;type&amp;quot;:&amp;quot;extension&amp;quot;,&amp;quot;loader&amp;quot;:null,&amp;quot;updateURL&amp;quot;:null,&amp;quot;optionsURL&amp;quot;:null,&amp;quot;optionsType&amp;quot;:null,&amp;quot;optionsBrowserStyle&amp;quot;:true,&amp;quot;aboutURL&amp;quot;:null,&amp;quot;defaultLocale&amp;quot;:{&amp;quot;name&amp;quot;:&amp;quot;Amazon.com.au&amp;quot;,&amp;quot;description&amp;quot;:&amp;quot;Amazon.com.au Search&amp;quot;,&amp;quot;creator&amp;quot;:null,&amp;quot;developers&amp;quot;:null,&amp;quot;translators&amp;quot;:null,&amp;quot;contributors&amp;quot;:null},&amp;quot;visible&amp;quot;:true,&amp;quot;active&amp;quot;:true,&amp;quot;userDisabled&amp;quot;:false,&amp;quot;appDisabled&amp;quot;:false,&amp;quot;installDate&amp;quot;:1594411013927,&amp;quot;applyBackgroundUpdates&amp;quot;:1,&amp;quot;path&amp;quot;:null,&amp;quot;skinnable&amp;quot;:false,&amp;quot;sourceURI&amp;quot;:null,&amp;quot;releaseNotesURI&amp;quot;:null,&amp;quot;softDisabled&amp;quot;:false,&amp;quot;foreignInstall&amp;quot;:false,&amp;quot;strictCompatibility&amp;quot;:true,&amp;quot;locales&amp;quot;:[{&amp;quot;name&amp;quot;:&amp;quot;Amazon.com.au&amp;quot;,&amp;quot;description&amp;quot;:&amp;quot;Amazon.com.au Search&amp;quot;,&amp;quot;creator&amp;quot;:null,&amp;quot;developers&amp;quot;:null,&amp;quot;translators&amp;quot;:null,&amp;quot;contributors&amp;quot;:null,&amp;quot;locales&amp;quot;:[&amp;quot;au&amp;quot;]},{&amp;quot;name&amp;quot;:&amp;quot;Amazon.ca&amp;quot;,&amp;quot;description&amp;quot;:&amp;quot;Amazon.ca Search&amp;quot;,&amp;quot;creator&amp;quot;:null,&amp;quot;developers&amp;quot;:null,&amp;quot;translators&amp;quot;:null,&amp;quot;contributors&amp;quot;:null,&amp;quot;locales&amp;quot;:[&amp;quot;ca&amp;quot;]},{&amp;quot;name&amp;quot;:&amp;quot;Amazon.fr&amp;quot;,&amp;quot;description&amp;quot;:&amp;quot;Recherche Amazon.fr&amp;quot;,&amp;quot;creator&amp;quot;:null,&amp;quot;developers&amp;quot;:null,&amp;quot;translators&amp;quot;:null,&amp;quot;contributors&amp;quot;:null,&amp;quot;locales&amp;quot;:[&amp;quot;france&amp;quot;]},{&amp;quot;name&amp;quot;:&amp;quot;Amazon.nl&amp;quot;,&amp;quot;description&amp;quot;:&amp;quot;Amazon.nl Search&amp;quot;,&amp;quot;creator&amp;quot;:null,&amp;quot;developers&amp;quot;:null,&amp;quot;translators&amp;quot;:null,&amp;quot;contributors&amp;quot;:null,&amp;quot;locales&amp;quot;:[&amp;quot;nl&amp;quot;]},{&amp;quot;name&amp;quot;:&amp;quot;Amazon.co.uk&amp;quot;,&amp;quot;description&amp;quot;:&amp;quot;Amazon.co.uk Search&amp;quot;,&amp;quot;creator&amp;quot;:null,&amp;quot;developers&amp;quot;:null,&amp;quot;translators&amp;quot;:null,&amp;quot;contributors&amp;quot;:null,&amp;quot;locales&amp;quot;:[&amp;quot;en-GB&amp;quot;]},{&amp;quot;name&amp;quot;:&amp;quot;Amazon.co.jp&amp;quot;,&amp;quot;description&amp;quot;:&amp;quot;Amazon.co.jp Search&amp;quot;,&amp;quot;creator&amp;quot;:null,&amp;quot;developers&amp;quot;:null,&amp;quot;translators&amp;quot;:null,&amp;quot;contributors&amp;quot;:null,&amp;quot;locales&amp;quot;:[&amp;quot;jp&amp;quot;]},{&amp;quot;name&amp;quot;:&amp;quot;Amazon.com.mx&amp;quot;,&amp;quot;description&amp;quot;:&amp;quot;Amazon.com.mx Search&amp;quot;,&amp;quot;creator&amp;quot;:null,&amp;quot;developers&amp;quot;:null,&amp;quot;translators&amp;quot;:null,&amp;quot;contributors&amp;quot;:null,&amp;quot;locales&amp;quot;:[&amp;quot;mx&amp;quot;]},{&amp;quot;name&amp;quot;:&amp;quot;Amazon.it&amp;quot;,&amp;quot;description&amp;quot;:&amp;quot;Ricerca Amazon.it&amp;quot;,&amp;quot;creator&amp;quot;:null,&amp;quot;developers&amp;quot;:null,&amp;quot;translators&amp;quot;:null,&amp;quot;contributors&amp;quot;:null,&amp;quot;locales&amp;quot;:[&amp;quot;it&amp;quot;]},{&amp;quot;name&amp;quot;:&amp;quot;Amazon.de&amp;quot;,&amp;quot;description&amp;quot;:&amp;quot;Amazon.de Suche&amp;quot;,&amp;quot;creator&amp;quot;:null,&amp;quot;developers&amp;quot;:null,&amp;quot;translators&amp;quot;:null,&amp;quot;contributors&amp;quot;:null,&amp;quot;locales&amp;quot;:[&amp;quot;de&amp;quot;]},{&amp;quot;name&amp;quot;:&amp;quot;Amazon.in&amp;quot;,&amp;quot;description&amp;quot;:&amp;quot;Amazon.in Search&amp;quot;,&amp;quot;creator&amp;quot;:null,&amp;quot;developers&amp;quot;:null,&amp;quot;translators&amp;quot;:null,&amp;quot;contributors&amp;quot;:null,&amp;quot;locales&amp;quot;:[&amp;quot;in&amp;quot;]}],&amp;quot;targetApplications&amp;quot;:[{&amp;quot;id&amp;quot;:&amp;quot;toolkit@mozilla.org&amp;quot;,&amp;quot;minVersion&amp;quot;:null,&amp;quot;maxVersion&amp;quot;:null}],&amp;quot;targetPlatforms&amp;quot;:[],&amp;quot;seen&amp;quot;:true,&amp;quot;dependencies&amp;quot;:[],&amp;quot;incognito&amp;quot;:&amp;quot;spanning&amp;quot;,&amp;quot;userPermissions&amp;quot;:{&amp;quot;permissions&amp;quot;:[],&amp;quot;origins&amp;quot;:[]},&amp;quot;icons&amp;quot;:{&amp;quot;16&amp;quot;:&amp;quot;favicon.ico&amp;quot;},&amp;quot;iconURL&amp;quot;:null,&amp;quot;blocklistState&amp;quot;:0,&amp;quot;blocklistURL&amp;quot;:null,&amp;quot;startupData&amp;quot;:null,&amp;quot;hidden&amp;quot;:true,&amp;quot;installTelemetryInfo&amp;quot;:null,&amp;quot;recommendationState&amp;quot;:null,&amp;quot;rootURI&amp;quot;:&amp;quot;resource://search-extensions/amazon/&amp;quot;,&amp;quot;location&amp;quot;:&amp;quot;app-builtin&amp;quot;}
1594411013928	addons.xpi	DEBUG	Loading bootstrap scope from resource://search-extensions/amazon/
1594411013928	addons.xpi	DEBUG	Calling bootstrap method install on amazon@search.mozilla.org version 1.1
1594411013929	addons.xpi	DEBUG	Calling bootstrap method startup on amazon@search.mozilla.org version 1.1

Build info: version: &amp;apos;2.53.0&amp;apos;, revision: &amp;apos;35ae25b&amp;apos;, time: &amp;apos;2016-03-15 16:57:40&amp;apos;
System info: host: &amp;apos;DESKTOP-K0O982J&amp;apos;, ip: &amp;apos;192.168.0.12&amp;apos;, os.name: &amp;apos;Windows 10&amp;apos;, os.arch: &amp;apos;amd64&amp;apos;, os.version: &amp;apos;10.0&amp;apos;, java.version: &amp;apos;1.8.0_241&amp;apos;
Driver info: driver.version: FirefoxDriver">
      <![CDATA[org.openqa.selenium.WebDriverException: Failed to connect to binary FirefoxBinary(C:\Program Files\Mozilla Firefox\firefox.exe) on port 7055; process output follows: 
rsion":"1.1"},"bing@search.mozilla.org":{"dependencies":[],"enabled":true,"loader":null,"path":null,"rootURI":"resource://search-extensions/bing/","runInSafeMode":true,"telemetryKey":"bing%40search.mozilla.org:1.0","version":"1.0"},"ddg@search.mozilla.org":{"dependencies":[],"enabled":true,"loader":null,"path":null,"rootURI":"resource://search-extensions/ddg/","runInSafeMode":true,"telemetryKey":"ddg%40search.mozilla.org:1.0","version":"1.0"},"ebay@search.mozilla.org":{"dependencies":[],"enabled":true,"loader":null,"path":null,"rootURI":"resource://search-extensions/ebay/","runInSafeMode":true,"telemetryKey":"ebay%40search.mozilla.org:1.0","version":"1.0"},"twitter@search.mozilla.org":{"dependencies":[],"enabled":true,"loader":null,"path":null,"rootURI":"resource://search-extensions/twitter/","runInSafeMode":true,"telemetryKey":"twitter%40search.mozilla.org:1.0","version":"1.0"},"wikipedia@search.mozilla.org":{"dependencies":[],"enabled":true,"loader":null,"path":null,"rootURI":"resource://search-extensions/wikipedia/","runInSafeMode":true,"telemetryKey":"wikipedia%40search.mozilla.org:1.0","version":"1.0"}},"staged":{}}: null
1594411013928	addons.xpi	DEBUG	Updating XPIState for {"id":"amazon@search.mozilla.org","syncGUID":"{fe16ca1b-d5cd-4de8-ba30-f71d8b1351df}","version":"1.1","type":"extension","loader":null,"updateURL":null,"optionsURL":null,"optionsType":null,"optionsBrowserStyle":true,"aboutURL":null,"defaultLocale":{"name":"Amazon.com.au","description":"Amazon.com.au Search","creator":null,"developers":null,"translators":null,"contributors":null},"visible":true,"active":true,"userDisabled":false,"appDisabled":false,"installDate":1594411013927,"applyBackgroundUpdates":1,"path":null,"skinnable":false,"sourceURI":null,"releaseNotesURI":null,"softDisabled":false,"foreignInstall":false,"strictCompatibility":true,"locales":[{"name":"Amazon.com.au","description":"Amazon.com.au Search","creator":null,"developers":null,"translators":null,"contributors":null,"locales":["au"]},{"name":"Amazon.ca","description":"Amazon.ca Search","creator":null,"developers":null,"translators":null,"contributors":null,"locales":["ca"]},{"name":"Amazon.fr","description":"Recherche Amazon.fr","creator":null,"developers":null,"translators":null,"contributors":null,"locales":["france"]},{"name":"Amazon.nl","description":"Amazon.nl Search","creator":null,"developers":null,"translators":null,"contributors":null,"locales":["nl"]},{"name":"Amazon.co.uk","description":"Amazon.co.uk Search","creator":null,"developers":null,"translators":null,"contributors":null,"locales":["en-GB"]},{"name":"Amazon.co.jp","description":"Amazon.co.jp Search","creator":null,"developers":null,"translators":null,"contributors":null,"locales":["jp"]},{"name":"Amazon.com.mx","description":"Amazon.com.mx Search","creator":null,"developers":null,"translators":null,"contributors":null,"locales":["mx"]},{"name":"Amazon.it","description":"Ricerca Amazon.it","creator":null,"developers":null,"translators":null,"contributors":null,"locales":["it"]},{"name":"Amazon.de","description":"Amazon.de Suche","creator":null,"developers":null,"translators":null,"contributors":null,"locales":["de"]},{"name":"Amazon.in","description":"Amazon.in Search","creator":null,"developers":null,"translators":null,"contributors":null,"locales":["in"]}],"targetApplications":[{"id":"toolkit@mozilla.org","minVersion":null,"maxVersion":null}],"targetPlatforms":[],"seen":true,"dependencies":[],"incognito":"spanning","userPermissions":{"permissions":[],"origins":[]},"icons":{"16":"favicon.ico"},"iconURL":null,"blocklistState":0,"blocklistURL":null,"startupData":null,"hidden":true,"installTelemetryInfo":null,"recommendationState":null,"rootURI":"resource://search-extensions/amazon/","location":"app-builtin"}
1594411013928	addons.xpi	DEBUG	Loading bootstrap scope from resource://search-extensions/amazon/
1594411013928	addons.xpi	DEBUG	Calling bootstrap method install on amazon@search.mozilla.org version 1.1
1594411013929	addons.xpi	DEBUG	Calling bootstrap method startup on amazon@search.mozilla.org version 1.1

Build info: version: '2.53.0', revision: '35ae25b', time: '2016-03-15 16:57:40'
System info: host: 'DESKTOP-K0O982J', ip: '192.168.0.12', os.name: 'Windows 10', os.arch: 'amd64', os.version: '10.0', java.version: '1.8.0_241'
Driver info: driver.version: FirefoxDriver
	at org.openqa.selenium.firefox.internal.NewProfileExtensionConnection.start(NewProfileExtensionConnection.java:124)
	at org.openqa.selenium.firefox.FirefoxDriver.startClient(FirefoxDriver.java:271)
	at org.openqa.selenium.remote.RemoteWebDriver.<init>(RemoteWebDriver.java:119)
	at org.openqa.selenium.firefox.FirefoxDriver.<init>(FirefoxDriver.java:218)
	at org.openqa.selenium.firefox.FirefoxDriver.<init>(FirefoxDriver.java:211)
	at org.openqa.selenium.firefox.FirefoxDriver.<init>(FirefoxDriver.java:207)
	at org.openqa.selenium.firefox.FirefoxDriver.<init>(FirefoxDriver.java:120)
	at fr.ghdg.loginApplication(ghdg.java:31)
	at sun.reflect.NativeMethodAccessorImpl.invoke0(Native Method)
	at sun.reflect.NativeMethodAccessorImpl.invoke(Unknown Source)
	at sun.reflect.DelegatingMethodAccessorImpl.invoke(Unknown Source)
	at java.lang.reflect.Method.invoke(Unknown Source)
	at org.testng.internal.MethodInvocationHelper.invokeMethod(MethodInvocationHelper.java:85)
	at org.testng.internal.Invoker.invokeMethod(Invoker.java:639)
	at org.testng.internal.Invoker.invokeTestMethod(Invoker.java:816)
	at org.testng.internal.Invoker.invokeTestMethods(Invoker.java:1124)
	at org.testng.internal.TestMethodWorker.invokeTestMethods(TestMethodWorker.java:125)
	at org.testng.internal.TestMethodWorker.run(TestMethodWorker.java:108)
	at org.testng.TestRunner.privateRun(TestRunner.java:774)
	at org.testng.TestRunner.run(TestRunner.java:624)
	at org.testng.SuiteRunner.runTest(SuiteRunner.java:359)
	at org.testng.SuiteRunner.runSequentially(SuiteRunner.java:354)
	at org.testng.SuiteRunner.privateRun(SuiteRunner.java:312)
	at org.testng.SuiteRunner.run(SuiteRunner.java:261)
	at org.testng.SuiteRunnerWorker.runSuite(SuiteRunnerWorker.java:52)
	at org.testng.SuiteRunnerWorker.run(SuiteRunnerWorker.java:86)
	at org.testng.TestNG.runSuitesSequentially(TestNG.java:1215)
	at org.testng.TestNG.runSuitesLocally(TestNG.java:1140)
	at org.testng.TestNG.run(TestNG.java:1048)
	at org.testng.remote.RemoteTestNG.run(RemoteTestNG.java:112)
	at org.testng.remote.RemoteTestNG.initAndRun(RemoteTestNG.java:205)
	at org.testng.remote.RemoteTestNG.main(RemoteTestNG.java:176)
Caused by: org.openqa.selenium.firefox.NotConnectedException: Unable to connect to host 127.0.0.1 on port 7055 after 45000 ms. Firefox console output:
rsion":"1.1"},"bing@search.mozilla.org":{"dependencies":[],"enabled":true,"loader":null,"path":null,"rootURI":"resource://search-extensions/bing/","runInSafeMode":true,"telemetryKey":"bing%40search.mozilla.org:1.0","version":"1.0"},"ddg@search.mozilla.org":{"dependencies":[],"enabled":true,"loader":null,"path":null,"rootURI":"resource://search-extensions/ddg/","runInSafeMode":true,"telemetryKey":"ddg%40search.mozilla.org:1.0","version":"1.0"},"ebay@search.mozilla.org":{"dependencies":[],"enabled":true,"loader":null,"path":null,"rootURI":"resource://search-extensions/ebay/","runInSafeMode":true,"telemetryKey":"ebay%40search.mozilla.org:1.0","version":"1.0"},"twitter@search.mozilla.org":{"dependencies":[],"enabled":true,"loader":null,"path":null,"rootURI":"resource://search-extensions/twitter/","runInSafeMode":true,"telemetryKey":"twitter%40search.mozilla.org:1.0","version":"1.0"},"wikipedia@search.mozilla.org":{"dependencies":[],"enabled":true,"loader":null,"path":null,"rootURI":"resource://search-extensions/wikipedia/","runInSafeMode":true,"telemetryKey":"wikipedia%40search.mozilla.org:1.0","version":"1.0"}},"staged":{}}: null
1594411013928	addons.xpi	DEBUG	Updating XPIState for {"id":"amazon@search.mozilla.org","syncGUID":"{fe16ca1b-d5cd-4de8-ba30-f71d8b1351df}","version":"1.1","type":"extension","loader":null,"updateURL":null,"optionsURL":null,"optionsType":null,"optionsBrowserStyle":true,"aboutURL":null,"defaultLocale":{"name":"Amazon.com.au","description":"Amazon.com.au Search","creator":null,"developers":null,"translators":null,"contributors":null},"visible":true,"active":true,"userDisabled":false,"appDisabled":false,"installDate":1594411013927,"applyBackgroundUpdates":1,"path":null,"skinnable":false,"sourceURI":null,"releaseNotesURI":null,"softDisabled":false,"foreignInstall":false,"strictCompatibility":true,"locales":[{"name":"Amazon.com.au","description":"Amazon.com.au Search","creator":null,"developers":null,"translators":null,"contributors":null,"locales":["au"]},{"name":"Amazon.ca","description":"Amazon.ca Search","creator":null,"developers":null,"translators":null,"contributors":null,"locales":["ca"]},{"name":"Amazon.fr","description":"Recherche Amazon.fr","creator":null,"developers":null,"translators":null,"contributors":null,"locales":["france"]},{"name":"Amazon.nl","description":"Amazon.nl Search","creator":null,"developers":null,"translators":null,"contributors":null,"locales":["nl"]},{"name":"Amazon.co.uk","description":"Amazon.co.uk Search","creator":null,"developers":null,"translators":null,"contributors":null,"locales":["en-GB"]},{"name":"Amazon.co.jp","description":"Amazon.co.jp Search","creator":null,"developers":null,"translators":null,"contributors":null,"locales":["jp"]},{"name":"Amazon.com.mx","description":"Amazon.com.mx Search","creator":null,"developers":null,"translators":null,"contributors":null,"locales":["mx"]},{"name":"Amazon.it","description":"Ricerca Amazon.it","creator":null,"developers":null,"translators":null,"contributors":null,"locales":["it"]},{"name":"Amazon.de","description":"Amazon.de Suche","creator":null,"developers":null,"translators":null,"contributors":null,"locales":["de"]},{"name":"Amazon.in","description":"Amazon.in Search","creator":null,"developers":null,"translators":null,"contributors":null,"locales":["in"]}],"targetApplications":[{"id":"toolkit@mozilla.org","minVersion":null,"maxVersion":null}],"targetPlatforms":[],"seen":true,"dependencies":[],"incognito":"spanning","userPermissions":{"permissions":[],"origins":[]},"icons":{"16":"favicon.ico"},"iconURL":null,"blocklistState":0,"blocklistURL":null,"startupData":null,"hidden":true,"installTelemetryInfo":null,"recommendationState":null,"rootURI":"resource://search-extensions/amazon/","location":"app-builtin"}
1594411013928	addons.xpi	DEBUG	Loading bootstrap scope from resource://search-extensions/amazon/
1594411013928	addons.xpi	DEBUG	Calling bootstrap method install on amazon@search.mozilla.org version 1.1
1594411013929	addons.xpi	DEBUG	Calling bootstrap method startup on amazon@search.mozilla.org version 1.1

	at org.openqa.selenium.firefox.internal.NewProfileExtensionConnection.start(NewProfileExtensionConnection.java:112)
	... 31 more
]]>
    </failure>
  </testcase> <!-- loginApplication -->
</testsuite> <!-- Default test -->
